<xml><ToUserName><![CDATA[gh_6035e65ca645]]></ToUserName>
<FromUserName><![CDATA[ocvlH1WfcWaJ-UWmV90-PM4ZNHCw]]></FromUserName>
<CreateTime>1515513087</CreateTime>
<MsgType><![CDATA[text]]></MsgType>
<Content><![CDATA[啦啦啦啦]]></Content>
<MsgId>6509079145771170776</MsgId>
</xml>
<xml><ToUserName><![CDATA[gh_6035e65ca645]]></ToUserName>
<FromUserName><![CDATA[ocvlH1WfcWaJ-UWmV90-PM4ZNHCw]]></FromUserName>
<CreateTime>1515513092</CreateTime>
<MsgType><![CDATA[text]]></MsgType>
<Content><![CDATA[额额额额]]></Content>
<MsgId>6509079167246007258</MsgId>
</xml>
<xml><ToUserName><![CDATA[gh_6035e65ca645]]></ToUserName>
<FromUserName><![CDATA[ocvlH1WfcWaJ-UWmV90-PM4ZNHCw]]></FromUserName>
<CreateTime>1515513653</CreateTime>
<MsgType><![CDATA[text]]></MsgType>
<Content><![CDATA[额额额额]]></Content>
<MsgId>6509081576722660468</MsgId>
</xml>
<xml><ToUserName><![CDATA[gh_6035e65ca645]]></ToUserName>
<FromUserName><![CDATA[ocvlH1WfcWaJ-UWmV90-PM4ZNHCw]]></FromUserName>
<CreateTime>1515513696</CreateTime>
<MsgType><![CDATA[text]]></MsgType>
<Content><![CDATA[1111111]]></Content>
<MsgId>6509081761406254211</MsgId>
</xml>
